<?xml version="1.0" encoding="UTF-8" standalone="no"?>
<testsuite errors="0" failures="0" name="io.cucumber.core.plugin.JUnitFormatter" skipped="0" tests="4" time="158.292">
    <testcase classname="Login" name="user Login with valid credentials" time="85.517">
        <system-out><![CDATA[Given user is on login page.................................................passed
When user add login_id "test" and password "test1234".......................passed
And click on login button...................................................passed
Then user successfully logged in and navigate to task screen................passed
]]></system-out>
    </testcase>
    <testcase classname="Login" name="user Login failed with invalid loginId" time="24.623">
        <system-out><![CDATA[Given user is on login page.................................................passed
When user add login_id "xyz" and password "test@1234".......................passed
And click on login button...................................................passed
Then user get an error message failed to login..............................passed
]]></system-out>
    </testcase>
    <testcase classname="Login" name="user Login failed with invalid password" time="21.718">
        <system-out><![CDATA[Given user is on login page.................................................passed
When user add login_id "test" and password "Pass@12345".....................passed
And click on login button...................................................passed
Then user get an error message failed to login..............................passed
]]></system-out>
    </testcase>
    <testcase classname="Login" name="user Login failed with invalid loginId and invalid password" time="22.329">
        <system-out><![CDATA[Given user is on login page.................................................passed
When user add login_id "test" and password "test12345"......................passed
And click on login button...................................................passed
Then user get an error message failed to login..............................passed
]]></system-out>
    </testcase>
</testsuite>
